; Field Size: x, y
19 10
; Traveller position: x, y, Orientation
5 0 0
; A set of special Fields: x, y, Bar, Color, Symbol, Symbol1, Point
4 0 0 0 $ Z  
4 1 0 0 $ Н 1
5 0 0 6 $ Z  
5 1 0 0 $ Z  
6 0 0 0 $ Z  
6 1 0 0 $ Z  
7 0 0 0 $ Z  
7 1 0 0 $ Z  
8 0 0 0 $ Z  
8 1 0 0 $ Z  
9 0 0 0 $ Z  
9 1 0 0 $ Z  
10 0 0 0 $ Z  
10 1 0 0 $ Z  
11 0 0 0 $ Z  
11 1 0 0 $ Z  
12 0 0 0 $ Z  
12 1 0 0 $ Z  
13 0 0 0 $ Z  
13 1 0 0 $ Z  
14 0 0 0 $ Z  
14 1 0 0 $ Z  
15 0 0 0 $ Z  
15 1 0 0 $ Z  
16 0 0 0 $ Z  
16 1 0 0 $ Z  
17 0 0 0 $ Z  
17 1 0 0 $ Z  
18 0 0 0 $ Z  
18 1 0 0 $ Z  
; End Of File
